<?xml version="1.0" encoding="utf-8" standalone="no"?>
<test-results xmlns:xsi="http://www.w3.org/2001/XMLSchema-instance" xsi:noNamespaceSchemaLocation="nunit_schema_2.5.xsd" name="Pester" total="49" errors="0" failures="0" not-run="0" inconclusive="0" ignored="0" skipped="0" invalid="0" date="2022-05-09" time="18:56:29">
  <environment platform="Linux" os-version="5.13.0-1022-azure" user="runner" clr-version="Unknown" machine-name="fv-az206-635" nunit-version="2.5.8.0" cwd="/home/runner/work/NameIT/NameIT" user-domain="" />
  <culture-info current-culture="" current-uiculture="" />
  <test-suite type="TestFixture" name="Pester" executed="True" result="Success" success="True" time="4.8021" asserts="0" description="Pester">
    <results>
      <test-suite type="TestFixture" name="/home/runner/work/NameIT/NameIT/__tests__/city.tests.ps1" executed="True" result="Success" success="True" time="2.4503" asserts="0" description="/home/runner/work/NameIT/NameIT/__tests__/city.tests.ps1">
        <results>
          <test-suite type="TestFixture" name="City Generation Test (culture en)" executed="True" result="Success" success="True" time="1.9154" asserts="0" description="City Generation Test (culture en)">
            <results>
              <test-case description="Tests returning a city (en culture)" name="City Generation Test (culture en).Tests returning a city (en culture)" time="1.2185" asserts="0" success="True" result="Success" executed="True" />
              <test-case description="Tests returning a county (en culture)" name="City Generation Test (culture en).Tests returning a county (en culture)" time="0.6661" asserts="0" success="True" result="Success" executed="True" />
            </results>
          </test-suite>
          <test-suite type="TestFixture" name="City Generation Test (culture sv)" executed="True" result="Success" success="True" time="2.0742" asserts="0" description="City Generation Test (culture sv)">
            <results>
              <test-case description="Tests returning a city (sv culture)" name="City Generation Test (culture sv).Tests returning a city (sv culture)" time="0.0832" asserts="0" success="True" result="Success" executed="True" />
              <test-case description="Tests returning a county (sv culture)" name="City Generation Test (culture sv).Tests returning a county (sv culture)" time="0.07" asserts="0" success="True" result="Success" executed="True" />
            </results>
          </test-suite>
        </results>
      </test-suite>
      <test-suite type="TestFixture" name="/home/runner/work/NameIT/NameIT/__tests__/cmdlet.tests.ps1" executed="True" result="Success" success="True" time="0.4285" asserts="0" description="/home/runner/work/NameIT/NameIT/__tests__/cmdlet.tests.ps1">
        <results>
          <test-suite type="TestFixture" name="Cmdlet Generation Test (en culture)" executed="True" result="Success" success="True" time="0.2148" asserts="0" description="Cmdlet Generation Test (en culture)">
            <results>
              <test-case description="Generates a cmdlet-like name" name="Cmdlet Generation Test (en culture).Generates a cmdlet-like name" time="0.1301" asserts="0" success="True" result="Success" executed="True" />
              <test-case description="Generates a cmdlet-like name with an approved verb" name="Cmdlet Generation Test (en culture).Generates a cmdlet-like name with an approved verb" time="0.0811" asserts="0" success="True" result="Success" executed="True" />
            </results>
          </test-suite>
          <test-suite type="TestFixture" name="Cmdlet Generation Test (sv culture)" executed="True" result="Success" success="True" time="0.3919" asserts="0" description="Cmdlet Generation Test (sv culture)">
            <results>
              <test-case description="Generates a cmdlet-like name" name="Cmdlet Generation Test (sv culture).Generates a cmdlet-like name" time="0.1115" asserts="0" success="True" result="Success" executed="True" />
              <test-case description="Generates a cmdlet-like name with an approved verb" name="Cmdlet Generation Test (sv culture).Generates a cmdlet-like name with an approved verb" time="0.0528" asserts="0" success="True" result="Success" executed="True" />
            </results>
          </test-suite>
        </results>
      </test-suite>
      <test-suite type="TestFixture" name="/home/runner/work/NameIT/NameIT/__tests__/color.tests.ps1" executed="True" result="Success" success="True" time="0.1751" asserts="0" description="/home/runner/work/NameIT/NameIT/__tests__/color.tests.ps1">
        <results>
          <test-suite type="TestFixture" name="color Generation Test (en culture)" executed="True" result="Success" success="True" time="0.0648" asserts="0" description="color Generation Test (en culture)">
            <results>
              <test-case description="Generates a color (en culture)" name="color Generation Test (en culture).Generates a color (en culture)" time="0.0613" asserts="0" success="True" result="Success" executed="True" />
            </results>
          </test-suite>
          <test-suite type="TestFixture" name="color Generation Test (sv culture)" executed="True" result="Success" success="True" time="0.1263" asserts="0" description="color Generation Test (sv culture)">
            <results>
              <test-case description="Generates a color (sv culture)" name="color Generation Test (sv culture).Generates a color (sv culture)" time="0.0578" asserts="0" success="True" result="Success" executed="True" />
            </results>
          </test-suite>
        </results>
      </test-suite>
      <test-suite type="TestFixture" name="/home/runner/work/NameIT/NameIT/__tests__/company.tests.ps1" executed="True" result="Success" success="True" time="0.4252" asserts="0" description="/home/runner/work/NameIT/NameIT/__tests__/company.tests.ps1">
        <results>
          <test-suite type="TestFixture" name="company Generation Test" executed="True" result="Success" success="True" time="0.3625" asserts="0" description="company Generation Test">
            <results>
              <test-case description="Tests returning a company title" name="company Generation Test.Tests returning a company title" time="0.1078" asserts="0" success="True" result="Success" executed="True" />
              <test-case description="Tests returning a company suffix" name="company Generation Test.Tests returning a company suffix" time="0.0804" asserts="0" success="True" result="Success" executed="True" />
              <test-case description="Tests returning a fluff word" name="company Generation Test.Tests returning a fluff word" time="0.0918" asserts="0" success="True" result="Success" executed="True" />
              <test-case description="Tests returning a catch word" name="company Generation Test.Tests returning a catch word" time="0.0787" asserts="0" success="True" result="Success" executed="True" />
            </results>
          </test-suite>
        </results>
      </test-suite>
      <test-suite type="TestFixture" name="/home/runner/work/NameIT/NameIT/__tests__/date.tests.ps1" executed="True" result="Success" success="True" time="0.67" asserts="0" description="/home/runner/work/NameIT/NameIT/__tests__/date.tests.ps1">
        <results>
          <test-suite type="TestFixture" name="NameIT Tests" executed="True" result="Success" success="True" time="0.6194" asserts="0" description="NameIT Tests">
            <results>
              <test-suite type="TestFixture" name="NameIT Tests.Date tests" executed="True" result="Success" success="True" time="0.616" asserts="0" description="NameIT Tests.Date tests">
                <results>
                  <test-case description="Test Month of January" name="NameIT Tests.Date tests.Test Month of January" time="0.0284" asserts="0" success="True" result="Success" executed="True" />
                  <test-case description="Test Month of February" name="NameIT Tests.Date tests.Test Month of February" time="0.0134" asserts="0" success="True" result="Success" executed="True" />
                  <test-case description="Test Month of March" name="NameIT Tests.Date tests.Test Month of March" time="0.0129" asserts="0" success="True" result="Success" executed="True" />
                  <test-case description="Test Month of April" name="NameIT Tests.Date tests.Test Month of April" time="0.013" asserts="0" success="True" result="Success" executed="True" />
                  <test-case description="Test Month of May" name="NameIT Tests.Date tests.Test Month of May" time="0.013" asserts="0" success="True" result="Success" executed="True" />
                  <test-case description="Test Month of June" name="NameIT Tests.Date tests.Test Month of June" time="0.0131" asserts="0" success="True" result="Success" executed="True" />
                  <test-case description="Test Month of July" name="NameIT Tests.Date tests.Test Month of July" time="0.0193" asserts="0" success="True" result="Success" executed="True" />
                  <test-case description="Test Month of August" name="NameIT Tests.Date tests.Test Month of August" time="0.0136" asserts="0" success="True" result="Success" executed="True" />
                  <test-case description="Test Month of September" name="NameIT Tests.Date tests.Test Month of September" time="0.0131" asserts="0" success="True" result="Success" executed="True" />
                  <test-case description="Test Month of October" name="NameIT Tests.Date tests.Test Month of October" time="0.0125" asserts="0" success="True" result="Success" executed="True" />
                  <test-case description="Test Month of November" name="NameIT Tests.Date tests.Test Month of November" time="0.0126" asserts="0" success="True" result="Success" executed="True" />
                  <test-case description="Test Month of 12" name="NameIT Tests.Date tests.Test Month of 12" time="0.013" asserts="0" success="True" result="Success" executed="True" />
                  <test-case description="Test ThisYear" name="NameIT Tests.Date tests.Test ThisYear" time="0.0176" asserts="0" success="True" result="Success" executed="True" />
                  <test-case description="Test ThisMonth" name="NameIT Tests.Date tests.Test ThisMonth" time="0.0109" asserts="0" success="True" result="Success" executed="True" />
                  <test-case description="Test Today" name="NameIT Tests.Date tests.Test Today" time="0.0114" asserts="0" success="True" result="Success" executed="True" />
                  <test-case description="Test Tomorrow" name="NameIT Tests.Date tests.Test Tomorrow" time="0.0809" asserts="0" success="True" result="Success" executed="True" />
                  <test-case description="Test Yesterday" name="NameIT Tests.Date tests.Test Yesterday" time="0.0112" asserts="0" success="True" result="Success" executed="True" />
                  <test-case description="Test ThisQuarter" name="NameIT Tests.Date tests.Test ThisQuarter" time="0.0184" asserts="0" success="True" result="Success" executed="True" />
                  <test-case description="Test ThisWeek" name="NameIT Tests.Date tests.Test ThisWeek" time="0.0987" asserts="0" success="True" result="Success" executed="True" />
                  <test-case description="Test LastYear" name="NameIT Tests.Date tests.Test LastYear" time="0.0622" asserts="0" success="True" result="Success" executed="True" />
                  <test-case description="Test NextYear" name="NameIT Tests.Date tests.Test NextYear" time="0.012" asserts="0" success="True" result="Success" executed="True" />
                  <test-case description="Test LastMonth" name="NameIT Tests.Date tests.Test LastMonth" time="0.032" asserts="0" success="True" result="Success" executed="True" />
                  <test-case description="Test NextMonth" name="NameIT Tests.Date tests.Test NextMonth" time="0.0115" asserts="0" success="True" result="Success" executed="True" />
                  <test-case description="Test Q1" name="NameIT Tests.Date tests.Test Q1" time="0.0188" asserts="0" success="True" result="Success" executed="True" />
                  <test-case description="Test Q2" name="NameIT Tests.Date tests.Test Q2" time="0.022" asserts="0" success="True" result="Success" executed="True" />
                  <test-case description="Test Q3" name="NameIT Tests.Date tests.Test Q3" time="0.0121" asserts="0" success="True" result="Success" executed="True" />
                  <test-case description="Test Q4" name="NameIT Tests.Date tests.Test Q4" time="0.0118" asserts="0" success="True" result="Success" executed="True" />
                </results>
              </test-suite>
            </results>
          </test-suite>
        </results>
      </test-suite>
      <test-suite type="TestFixture" name="/home/runner/work/NameIT/NameIT/__tests__/email.tests.ps1" executed="True" result="Success" success="True" time="0.1164" asserts="0" description="/home/runner/work/NameIT/NameIT/__tests__/email.tests.ps1">
        <results>
          <test-suite type="TestFixture" name="email Generation Test (en culture)" executed="True" result="Success" success="True" time="0.0374" asserts="0" description="email Generation Test (en culture)">
            <results>
              <test-case description="Tests returning a email title" name="email Generation Test (en culture).Tests returning a email title" time="0.0338" asserts="0" success="True" result="Success" executed="True" />
            </results>
          </test-suite>
          <test-suite type="TestFixture" name="email Generation Test (sv culture)" executed="True" result="Success" success="True" time="0.08" asserts="0" description="email Generation Test (sv culture)">
            <results>
              <test-case description="Tests returning a email title" name="email Generation Test (sv culture).Tests returning a email title" time="0.0291" asserts="0" success="True" result="Success" executed="True" />
            </results>
          </test-suite>
        </results>
      </test-suite>
      <test-suite type="TestFixture" name="/home/runner/work/NameIT/NameIT/__tests__/job.tests.ps1" executed="True" result="Success" success="True" time="0.0934" asserts="0" description="/home/runner/work/NameIT/NameIT/__tests__/job.tests.ps1">
        <results>
          <test-suite type="TestFixture" name="Job Generation Test" executed="True" result="Success" success="True" time="0.0286" asserts="0" description="Job Generation Test">
            <results>
              <test-case description="Tests returning a job title" name="Job Generation Test.Tests returning a job title" time="0.0254" asserts="0" success="True" result="Success" executed="True" />
            </results>
          </test-suite>
        </results>
      </test-suite>
      <test-suite type="TestFixture" name="/home/runner/work/NameIT/NameIT/__tests__/nameit.tests.ps1" executed="True" result="Success" success="True" time="0.369" asserts="0" description="/home/runner/work/NameIT/NameIT/__tests__/nameit.tests.ps1">
        <results>
          <test-suite type="TestFixture" name="City Generation Test" executed="True" result="Success" success="True" time="0.3257" asserts="0" description="City Generation Test">
            <results>
              <test-case description="Tests returning a company title" name="City Generation Test.Tests returning a company title" time="0.0778" asserts="0" success="True" result="Success" executed="True" />
              <test-case description="Tests returning a company suffix" name="City Generation Test.Tests returning a company suffix" time="0.0894" asserts="0" success="True" result="Success" executed="True" />
              <test-case description="Tests returning a fluff word" name="City Generation Test.Tests returning a fluff word" time="0.0779" asserts="0" success="True" result="Success" executed="True" />
              <test-case description="Tests returning a catch word" name="City Generation Test.Tests returning a catch word" time="0.0769" asserts="0" success="True" result="Success" executed="True" />
            </results>
          </test-suite>
        </results>
      </test-suite>
      <test-suite type="TestFixture" name="/home/runner/work/NameIT/NameIT/__tests__/postalCode.tests.ps1" executed="True" result="Success" success="True" time="0.0743" asserts="0" description="/home/runner/work/NameIT/NameIT/__tests__/postalCode.tests.ps1">
        <results>
          <test-suite type="TestFixture" name="postalCode Generation Test" executed="True" result="Success" success="True" time="0.0434" asserts="0" description="postalCode Generation Test">
            <results>
              <test-case description="Tests returning a postalCode title" name="postalCode Generation Test.Tests returning a postalCode title" time="0.04" asserts="0" success="True" result="Success" executed="True" />
            </results>
          </test-suite>
        </results>
      </test-suite>
    </results>
  </test-suite>
</test-results>